[2025-09-12 17:51:40.752] [4212] [HailoRT] [info] [queue_elements.cpp:68] [operator()] Thread in element PullQEl_nms3yolov8m/conv57_123 is not running anymore, exiting..
[2025-09-12 17:51:40.753] [3199] [HailoRT] [info] [queue_elements.cpp:46] [~BaseQueueElement] Queue element PullQEl_nms3yolov8m/conv57_123 has 0 frames in his Queue on destruction
[2025-09-12 17:51:40.753] [4211] [HailoRT] [info] [queue_elements.cpp:68] [operator()] Thread in element PushQEl1yolov8m/input_layer1 is not running anymore, exiting..
[2025-09-12 17:51:40.753] [3199] [HailoRT] [info] [queue_elements.cpp:46] [~BaseQueueElement] Queue element PushQEl1yolov8m/input_layer1 has 0 frames in his Queue on destruction
[2025-09-12 17:51:40.779] [3199] [HailoRT] [info] [edge_elements.cpp:52] [create] Created (HwWriteEl1yolov8m/input_layer1 | hw_frame_size: 1228800)
[2025-09-12 17:51:40.780] [3199] [HailoRT] [info] [queue_elements.cpp:284] [create] Created (PushQEl1yolov8m/input_layer1 | timeout: 10s)
[2025-09-12 17:51:40.780] [3199] [HailoRT] [info] [filter_elements.cpp:101] [create] Created (PreInferEl1yolov8m/input_layer1 | Quantization - src_type: FLOAT32, dst_type UINT8, limvals_min: 0, limvals_max: 255 | Reorder - src_order: NHWC, src_shape: (640, 640, 3), dst_order: NHCW, dst_shape: (640, 640, 3))
[2025-09-12 17:51:40.780] [3199] [HailoRT] [info] [vstream.cpp:754] [InputVStreamImpl] Creating yolov8m/input_layer1...
[2025-09-12 17:51:40.780] [3199] [HailoRT] [info] [vstream_builder.cpp:102] [create_inputs] Input pipeline 'yolov8m/input_layer1': (PreInferEl1yolov8m/input_layer1 | Quantization - src_type: FLOAT32, dst_type UINT8, limvals_min: 0, limvals_max: 255 | Reorder - src_order: NHWC, src_shape: (640, 640, 3), dst_order: NHCW, dst_shape: (640, 640, 3)) >> (PushQEl1yolov8m/input_layer1 | timeout: 10s) >> (HwWriteEl1yolov8m/input_layer1 | hw_frame_size: 1228800) >> HW
[2025-09-12 17:51:40.780] [3199] [HailoRT] [info] [multi_io_elements.cpp:135] [create] Created (NmsPPMuxEl0YOLOV8-Post-Process | Op YOLOV8, Name: YOLOV8-Post-Process, Score threshold: 0.200, IoU threshold: 0.70, Classes: 80, Cross classes: false, NMS results order: BY_CLASS, Max bboxes per class: 100, Image height: 640, Image width: 640)
[2025-09-12 17:51:40.781] [3199] [HailoRT] [info] [edge_elements.cpp:287] [create] Created (HwReadEl3yolov8m/conv57_123 | hw_frame_size: 409600)
[2025-09-12 17:51:40.781] [3199] [HailoRT] [info] [queue_elements.cpp:657] [create] Created (PullQEl_nms3yolov8m/conv57_123 | timeout: 10s)
[2025-09-12 17:51:40.781] [3199] [HailoRT] [info] [edge_elements.cpp:287] [create] Created (HwReadEl5yolov8m/conv58_123 | hw_frame_size: 512000)
[2025-09-12 17:51:40.781] [3199] [HailoRT] [info] [queue_elements.cpp:657] [create] Created (PullQEl_nms5yolov8m/conv58_123 | timeout: 10s)
[2025-09-12 17:51:40.781] [3199] [HailoRT] [info] [edge_elements.cpp:287] [create] Created (HwReadEl0yolov8m/conv70_123 | hw_frame_size: 102400)
[2025-09-12 17:51:40.781] [3199] [HailoRT] [info] [queue_elements.cpp:657] [create] Created (PullQEl_nms0yolov8m/conv70_123 | timeout: 10s)
[2025-09-12 17:51:40.781] [3199] [HailoRT] [info] [edge_elements.cpp:287] [create] Created (HwReadEl3yolov8m/conv71_123 | hw_frame_size: 128000)
[2025-09-12 17:51:40.781] [3199] [HailoRT] [info] [queue_elements.cpp:657] [create] Created (PullQEl_nms3yolov8m/conv71_123 | timeout: 10s)
[2025-09-12 17:51:40.781] [3199] [HailoRT] [info] [edge_elements.cpp:287] [create] Created (HwReadEl2yolov8m/conv82_123 | hw_frame_size: 30720)
[2025-09-12 17:51:40.781] [3199] [HailoRT] [info] [queue_elements.cpp:657] [create] Created (PullQEl_nms2yolov8m/conv82_123 | timeout: 10s)
[2025-09-12 17:51:40.781] [3199] [HailoRT] [info] [edge_elements.cpp:287] [create] Created (HwReadEl1yolov8m/conv83_123 | hw_frame_size: 38400)
[2025-09-12 17:51:40.781] [3199] [HailoRT] [info] [queue_elements.cpp:657] [create] Created (PullQEl_nms1yolov8m/conv83_123 | timeout: 10s)
[2025-09-12 17:51:40.781] [3199] [HailoRT] [info] [queue_elements.cpp:800] [create] Created (UserBufQEl_post_infer0yolov8m/yolov8_nms_postprocess | timeout: 10s)
[2025-09-12 17:51:40.781] [3199] [HailoRT] [info] [vstream.cpp:1114] [OutputVStreamImpl] Creating yolov8m/yolov8_nms_postprocess...
[2025-09-12 17:51:40.782] [3199] [HailoRT] [info] [vstream_builder.cpp:622] [create_output_post_process_nms] Output pipeline 'yolov8m/yolov8_nms_postprocess': HW >> (HwReadEl3yolov8m/conv57_123 | hw_frame_size: 409600) >> (PullQEl_nms3yolov8m/conv57_123) >> (HwReadEl5yolov8m/conv58_123 | hw_frame_size: 512000) >> (PullQEl_nms5yolov8m/conv58_123) >> (HwReadEl0yolov8m/conv70_123 | hw_frame_size: 102400) >> (PullQEl_nms0yolov8m/conv70_123) >> (HwReadEl3yolov8m/conv71_123 | hw_frame_size: 128000) >> (PullQEl_nms3yolov8m/conv71_123) >> (HwReadEl2yolov8m/conv82_123 | hw_frame_size: 30720) >> (PullQEl_nms2yolov8m/conv82_123) >> (HwReadEl1yolov8m/conv83_123 | hw_frame_size: 38400) >> (PullQEl_nms1yolov8m/conv83_123) >> (NmsPPMuxEl0YOLOV8-Post-Process | Op YOLOV8, Name: YOLOV8-Post-Process, Score threshold: 0.200, IoU threshold: 0.70, Classes: 80, Cross classes: false, NMS results order: BY_CLASS, Max bboxes per class: 100, Image height: 640, Image width: 640) >> (UserBufQEl_post_infer0yolov8m/yolov8_nms_postprocess | timeout: 10s)
[2025-09-12 17:51:40.782] [3199] [HailoRT] [info] [core_op.cpp:156] [activate] Activating yolov8m took 0.616888 milliseconds. Note that the function is asynchronous and thus the network is not fully activated yet.
[2025-09-12 17:51:40.782] [3199] [HailoRT] [info] [core_op.cpp:156] [activate] Activating yolov8m took 0.633593 milliseconds. Note that the function is asynchronous and thus the network is not fully activated yet.
[2025-09-12 17:51:40.818] [4222] [HailoRT] [info] [vdevice_native_stream.cpp:331] [read_impl] Failed read from stream HAILO_STREAM_NOT_ACTIVATED(72) (device: 0001:01:00.0)
[2025-09-12 17:51:40.818] [4225] [HailoRT] [info] [vdevice_native_stream.cpp:331] [read_impl] Failed read from stream HAILO_STREAM_NOT_ACTIVATED(72) (device: 0001:01:00.0)
[2025-09-12 17:51:40.818] [4224] [HailoRT] [info] [vdevice_native_stream.cpp:331] [read_impl] Failed read from stream HAILO_STREAM_NOT_ACTIVATED(72) (device: 0001:01:00.0)
[2025-09-12 17:51:40.818] [4227] [HailoRT] [info] [vdevice_native_stream.cpp:331] [read_impl] Failed read from stream HAILO_STREAM_NOT_ACTIVATED(72) (device: 0001:01:00.0)
[2025-09-12 17:51:40.818] [4226] [HailoRT] [info] [vdevice_native_stream.cpp:331] [read_impl] Failed read from stream HAILO_STREAM_NOT_ACTIVATED(72) (device: 0001:01:00.0)
[2025-09-12 17:51:40.818] [4223] [HailoRT] [info] [vdevice_native_stream.cpp:331] [read_impl] Failed read from stream HAILO_STREAM_NOT_ACTIVATED(72) (device: 0001:01:00.0)
[2025-09-12 17:51:40.819] [3199] [HailoRT] [info] [core_op.cpp:186] [deactivate] Deactivating took 0.518592 ms
[2025-09-12 17:51:40.819] [3199] [HailoRT] [info] [core_op.cpp:186] [deactivate] Deactivating took 0.534851 ms
[2025-09-12 17:51:40.819] [4226] [HailoRT] [info] [queue_elements.cpp:734] [run_in_thread] Shutdown event was signaled in run_pull of queue element PullQEl_nms2yolov8m/conv82_123!
[2025-09-12 17:51:40.819] [4227] [HailoRT] [info] [queue_elements.cpp:734] [run_in_thread] Shutdown event was signaled in run_pull of queue element PullQEl_nms1yolov8m/conv83_123!
[2025-09-12 17:51:40.819] [4224] [HailoRT] [info] [queue_elements.cpp:734] [run_in_thread] Shutdown event was signaled in run_pull of queue element PullQEl_nms0yolov8m/conv70_123!
[2025-09-12 17:51:40.819] [4223] [HailoRT] [info] [queue_elements.cpp:734] [run_in_thread] Shutdown event was signaled in run_pull of queue element PullQEl_nms5yolov8m/conv58_123!
[2025-09-12 17:51:40.819] [4222] [HailoRT] [info] [queue_elements.cpp:734] [run_in_thread] Shutdown event was signaled in run_pull of queue element PullQEl_nms3yolov8m/conv57_123!
[2025-09-12 17:51:40.819] [4225] [HailoRT] [info] [queue_elements.cpp:734] [run_in_thread] Shutdown event was signaled in run_pull of queue element PullQEl_nms3yolov8m/conv71_123!
[2025-09-12 17:51:40.819] [4228] [HailoRT] [info] [queue_elements.cpp:68] [operator()] Thread in element UserBufQEl_post_infer0yolov8m/yolov8_nms_postprocess is not running anymore, exiting..
[2025-09-12 17:51:40.819] [3199] [HailoRT] [info] [queue_elements.cpp:46] [~BaseQueueElement] Queue element UserBufQEl_post_infer0yolov8m/yolov8_nms_postprocess has 0 frames in his Queue on destruction
[2025-09-12 17:51:40.819] [4227] [HailoRT] [info] [queue_elements.cpp:68] [operator()] Thread in element PullQEl_nms1yolov8m/conv83_123 is not running anymore, exiting..
[2025-09-12 17:51:40.819] [3199] [HailoRT] [info] [queue_elements.cpp:46] [~BaseQueueElement] Queue element PullQEl_nms1yolov8m/conv83_123 has 0 frames in his Queue on destruction
[2025-09-12 17:51:40.819] [4226] [HailoRT] [info] [queue_elements.cpp:68] [operator()] Thread in element PullQEl_nms2yolov8m/conv82_123 is not running anymore, exiting..
[2025-09-12 17:51:40.819] [3199] [HailoRT] [info] [queue_elements.cpp:46] [~BaseQueueElement] Queue element PullQEl_nms2yolov8m/conv82_123 has 0 frames in his Queue on destruction
[2025-09-12 17:51:40.819] [4225] [HailoRT] [info] [queue_elements.cpp:68] [operator()] Thread in element PullQEl_nms3yolov8m/conv71_123 is not running anymore, exiting..
[2025-09-12 17:51:40.819] [3199] [HailoRT] [info] [queue_elements.cpp:46] [~BaseQueueElement] Queue element PullQEl_nms3yolov8m/conv71_123 has 0 frames in his Queue on destruction
[2025-09-12 17:51:40.819] [4224] [HailoRT] [info] [queue_elements.cpp:68] [operator()] Thread in element PullQEl_nms0yolov8m/conv70_123 is not running anymore, exiting..
[2025-09-12 17:51:40.819] [3199] [HailoRT] [info] [queue_elements.cpp:46] [~BaseQueueElement] Queue element PullQEl_nms0yolov8m/conv70_123 has 0 frames in his Queue on destruction
[2025-09-12 17:51:40.819] [4223] [HailoRT] [info] [queue_elements.cpp:68] [operator()] Thread in element PullQEl_nms5yolov8m/conv58_123 is not running anymore, exiting..
[2025-09-12 17:51:40.819] [3199] [HailoRT] [info] [queue_elements.cpp:46] [~BaseQueueElement] Queue element PullQEl_nms5yolov8m/conv58_123 has 0 frames in his Queue on destruction
[2025-09-12 17:51:40.819] [4222] [HailoRT] [info] [queue_elements.cpp:68] [operator()] Thread in element PullQEl_nms3yolov8m/conv57_123 is not running anymore, exiting..
[2025-09-12 17:51:40.819] [3199] [HailoRT] [info] [queue_elements.cpp:46] [~BaseQueueElement] Queue element PullQEl_nms3yolov8m/conv57_123 has 0 frames in his Queue on destruction
[2025-09-12 17:51:40.819] [4221] [HailoRT] [info] [queue_elements.cpp:68] [operator()] Thread in element PushQEl1yolov8m/input_layer1 is not running anymore, exiting..
[2025-09-12 17:51:40.820] [3199] [HailoRT] [info] [queue_elements.cpp:46] [~BaseQueueElement] Queue element PushQEl1yolov8m/input_layer1 has 0 frames in his Queue on destruction
